<?xml version="1.0" encoding="UTF-8"?>
<!-- Generated by org.testng.reporters.JUnitXMLReporter -->
<testsuite ignored="0" hostname="LAPTOP-HRGOI83J" failures="0" tests="5" name="Default test" time="70.308" errors="0" timestamp="2024-09-28T22:24:48 ICT">
  <testcase classname="mooQuickTest.LoginPage" name="verifyHidePassword" time="10.563"/>
  <testcase classname="mooQuickTest.LoginPage" name="verifyLoginAtLangdingPage" time="9.029"/>
  <testcase classname="mooQuickTest.LoginPage" name="verifyLoginWithAllBlankField" time="9.363"/>
  <testcase classname="mooQuickTest.LoginPage" name="verifyLoginWithValidUsernameBlankPassword" time="6.665"/>
  <testcase classname="mooQuickTest.LoginPage" name="verifyLoginWithValidUsernameIncorrectPassword" time="4.634"/>
</testsuite> <!-- Default test -->
