<?xml version="1.0" encoding="UTF-8"?>
<testng-results ignored="0" total="5" passed="5" failed="0" skipped="0">
  <reporter-output>
  </reporter-output>
  <suite started-at="2024-09-28T22:23:38 ICT" name="Default suite" finished-at="2024-09-28T22:24:48 ICT" duration-ms="70308">
    <groups>
    </groups>
    <test started-at="2024-09-28T22:23:38 ICT" name="Default test" finished-at="2024-09-28T22:24:48 ICT" duration-ms="70308">
      <class name="mooQuickTest.LoginPage">
        <test-method is-config="true" signature="setUp()[pri:0, instance:mooQuickTest.LoginPage@68c9d179]" started-at="2024-09-28T22:23:38 ICT" name="setUp" finished-at="2024-09-28T22:23:44 ICT" duration-ms="5821" status="PASS">
          <reporter-output>
          </reporter-output>
        </test-method> <!-- setUp -->
        <test-method signature="verifyHidePassword()[pri:0, instance:mooQuickTest.LoginPage@68c9d179]" started-at="2024-09-28T22:23:44 ICT" name="verifyHidePassword" description="T5: verify hide password" finished-at="2024-09-28T22:23:54 ICT" duration-ms="10563" status="PASS">
          <reporter-output>
          </reporter-output>
        </test-method> <!-- verifyHidePassword -->
        <test-method is-config="true" signature="afterMethod()[pri:0, instance:mooQuickTest.LoginPage@68c9d179]" started-at="2024-09-28T22:23:54 ICT" name="afterMethod" finished-at="2024-09-28T22:23:55 ICT" duration-ms="622" status="PASS">
          <reporter-output>
          </reporter-output>
        </test-method> <!-- afterMethod -->
        <test-method is-config="true" signature="setUp()[pri:0, instance:mooQuickTest.LoginPage@68c9d179]" started-at="2024-09-28T22:23:55 ICT" name="setUp" finished-at="2024-09-28T22:24:00 ICT" duration-ms="5200" status="PASS">
          <reporter-output>
          </reporter-output>
        </test-method> <!-- setUp -->
        <test-method signature="verifyLoginAtLangdingPage()[pri:0, instance:mooQuickTest.LoginPage@68c9d179]" started-at="2024-09-28T22:24:00 ICT" name="verifyLoginAtLangdingPage" description="T1: Verify user login succcess" finished-at="2024-09-28T22:24:09 ICT" duration-ms="9029" status="PASS">
          <reporter-output>
          </reporter-output>
        </test-method> <!-- verifyLoginAtLangdingPage -->
        <test-method is-config="true" signature="afterMethod()[pri:0, instance:mooQuickTest.LoginPage@68c9d179]" started-at="2024-09-28T22:24:09 ICT" name="afterMethod" finished-at="2024-09-28T22:24:10 ICT" duration-ms="627" status="PASS">
          <reporter-output>
          </reporter-output>
        </test-method> <!-- afterMethod -->
        <test-method is-config="true" signature="setUp()[pri:0, instance:mooQuickTest.LoginPage@68c9d179]" started-at="2024-09-28T22:24:10 ICT" name="setUp" finished-at="2024-09-28T22:24:15 ICT" duration-ms="5368" status="PASS">
          <reporter-output>
          </reporter-output>
        </test-method> <!-- setUp -->
        <test-method signature="verifyLoginWithAllBlankField()[pri:0, instance:mooQuickTest.LoginPage@68c9d179]" started-at="2024-09-28T22:24:15 ICT" name="verifyLoginWithAllBlankField" description="T2: Login with all blank field" finished-at="2024-09-28T22:24:25 ICT" duration-ms="9363" status="PASS">
          <reporter-output>
          </reporter-output>
        </test-method> <!-- verifyLoginWithAllBlankField -->
        <test-method is-config="true" signature="afterMethod()[pri:0, instance:mooQuickTest.LoginPage@68c9d179]" started-at="2024-09-28T22:24:25 ICT" name="afterMethod" finished-at="2024-09-28T22:24:25 ICT" duration-ms="659" status="PASS">
          <reporter-output>
          </reporter-output>
        </test-method> <!-- afterMethod -->
        <test-method is-config="true" signature="setUp()[pri:0, instance:mooQuickTest.LoginPage@68c9d179]" started-at="2024-09-28T22:24:25 ICT" name="setUp" finished-at="2024-09-28T22:24:31 ICT" duration-ms="5338" status="PASS">
          <reporter-output>
          </reporter-output>
        </test-method> <!-- setUp -->
        <test-method signature="verifyLoginWithValidUsernameBlankPassword()[pri:0, instance:mooQuickTest.LoginPage@68c9d179]" started-at="2024-09-28T22:24:31 ICT" name="verifyLoginWithValidUsernameBlankPassword" description="T3: Login with valid username, blank password" finished-at="2024-09-28T22:24:37 ICT" duration-ms="6665" status="PASS">
          <reporter-output>
          </reporter-output>
        </test-method> <!-- verifyLoginWithValidUsernameBlankPassword -->
        <test-method is-config="true" signature="afterMethod()[pri:0, instance:mooQuickTest.LoginPage@68c9d179]" started-at="2024-09-28T22:24:37 ICT" name="afterMethod" finished-at="2024-09-28T22:24:38 ICT" duration-ms="615" status="PASS">
          <reporter-output>
          </reporter-output>
        </test-method> <!-- afterMethod -->
        <test-method is-config="true" signature="setUp()[pri:0, instance:mooQuickTest.LoginPage@68c9d179]" started-at="2024-09-28T22:24:38 ICT" name="setUp" finished-at="2024-09-28T22:24:43 ICT" duration-ms="5130" status="PASS">
          <reporter-output>
          </reporter-output>
        </test-method> <!-- setUp -->
        <test-method signature="verifyLoginWithValidUsernameIncorrectPassword()[pri:0, instance:mooQuickTest.LoginPage@68c9d179]" started-at="2024-09-28T22:24:43 ICT" name="verifyLoginWithValidUsernameIncorrectPassword" description="T4: Login with valid username, incorrect password" finished-at="2024-09-28T22:24:48 ICT" duration-ms="4634" status="PASS">
          <reporter-output>
          </reporter-output>
        </test-method> <!-- verifyLoginWithValidUsernameIncorrectPassword -->
        <test-method is-config="true" signature="afterMethod()[pri:0, instance:mooQuickTest.LoginPage@68c9d179]" started-at="2024-09-28T22:24:48 ICT" name="afterMethod" finished-at="2024-09-28T22:24:48 ICT" duration-ms="623" status="PASS">
          <reporter-output>
          </reporter-output>
        </test-method> <!-- afterMethod -->
      </class> <!-- mooQuickTest.LoginPage -->
    </test> <!-- Default test -->
  </suite> <!-- Default suite -->
</testng-results>
